{"/home/mohammad/basic-api-server/src/server.js": {"path":"/home/mohammad/basic-api-server/src/server.js","statementMap":{"0":{"start":{"line":3,"column":0},"end":{"line":3,"column":27}},"1":{"start":{"line":4,"column":13},"end":{"line":4,"column":37}},"2":{"start":{"line":5,"column":16},"end":{"line":5,"column":34}},"3":{"start":{"line":6,"column":12},"end":{"line":6,"column":21}},"4":{"start":{"line":7,"column":20},"end":{"line":7,"column":53}},"5":{"start":{"line":8,"column":18},"end":{"line":8,"column":51}},"6":{"start":{"line":9,"column":23},"end":{"line":9,"column":55}},"7":{"start":{"line":10,"column":20},"end":{"line":10,"column":49}},"8":{"start":{"line":21,"column":0},"end":{"line":21,"column":24}},"9":{"start":{"line":22,"column":0},"end":{"line":22,"column":23}},"10":{"start":{"line":23,"column":0},"end":{"line":23,"column":20}},"11":{"start":{"line":24,"column":0},"end":{"line":24,"column":22}},"12":{"start":{"line":25,"column":0},"end":{"line":25,"column":20}},"13":{"start":{"line":27,"column":4},"end":{"line":29,"column":7}},"14":{"start":{"line":28,"column":8},"end":{"line":28,"column":58}},"15":{"start":{"line":32,"column":0},"end":{"line":35,"column":2}}},"fnMap":{"0":{"name":"start","decl":{"start":{"line":26,"column":9},"end":{"line":26,"column":14}},"loc":{"start":{"line":26,"column":21},"end":{"line":30,"column":1}},"line":26},"1":{"name":"(anonymous_1)","decl":{"start":{"line":27,"column":21},"end":{"line":27,"column":22}},"loc":{"start":{"line":27,"column":27},"end":{"line":29,"column":5}},"line":27}},"branchMap":{"0":{"loc":{"start":{"line":4,"column":13},"end":{"line":4,"column":37}},"type":"binary-expr","locations":[{"start":{"line":4,"column":13},"end":{"line":4,"column":29}},{"start":{"line":4,"column":33},"end":{"line":4,"column":37}}],"line":4}},"s":{"0":1,"1":1,"2":1,"3":1,"4":1,"5":1,"6":1,"7":1,"8":1,"9":1,"10":1,"11":1,"12":1,"13":0,"14":0,"15":1},"f":{"0":0,"1":0},"b":{"0":[1,0]},"_coverageSchema":"1a1c01bbd47fc00a2c39e90264f33305004495a9","hash":"fd3af51b0accc15d02ff52681e1c9fc5fce95c9c"}
,"/home/mohammad/basic-api-server/src/ error-handlers/ 404.js": {"path":"/home/mohammad/basic-api-server/src/ error-handlers/ 404.js","statementMap":{"0":{"start":{"line":3,"column":15},"end":{"line":3,"column":35}},"1":{"start":{"line":5,"column":0},"end":{"line":11,"column":3}},"2":{"start":{"line":7,"column":4},"end":{"line":10,"column":7}}},"fnMap":{"0":{"name":"(anonymous_0)","decl":{"start":{"line":5,"column":17},"end":{"line":5,"column":18}},"loc":{"start":{"line":5,"column":33},"end":{"line":11,"column":1}},"line":5}},"branchMap":{},"s":{"0":1,"1":1,"2":2},"f":{"0":2},"b":{},"_coverageSchema":"1a1c01bbd47fc00a2c39e90264f33305004495a9","hash":"39621661afea9403826b7b3d3943b83f1a8a87d5"}
,"/home/mohammad/basic-api-server/src/ error-handlers/ 500.js": {"path":"/home/mohammad/basic-api-server/src/ error-handlers/ 500.js","statementMap":{"0":{"start":{"line":5,"column":0},"end":{"line":14,"column":3}},"1":{"start":{"line":6,"column":4},"end":{"line":13,"column":5}}},"fnMap":{"0":{"name":"(anonymous_0)","decl":{"start":{"line":5,"column":18},"end":{"line":5,"column":19}},"loc":{"start":{"line":5,"column":38},"end":{"line":14,"column":1}},"line":5}},"branchMap":{},"s":{"0":1,"1":0},"f":{"0":0},"b":{},"_coverageSchema":"1a1c01bbd47fc00a2c39e90264f33305004495a9","hash":"bbd72f4cb22f3d46a655f81ba3ac346641502542"}
,"/home/mohammad/basic-api-server/src/models/ food.js": {"path":"/home/mohammad/basic-api-server/src/models/ food.js","statementMap":{"0":{"start":{"line":5,"column":12},"end":{"line":13,"column":2}},"1":{"start":{"line":6,"column":0},"end":{"line":13,"column":2}},"2":{"start":{"line":15,"column":0},"end":{"line":15,"column":20}}},"fnMap":{"0":{"name":"(anonymous_0)","decl":{"start":{"line":5,"column":12},"end":{"line":5,"column":13}},"loc":{"start":{"line":6,"column":0},"end":{"line":13,"column":2}},"line":6}},"branchMap":{},"s":{"0":1,"1":1,"2":1},"f":{"0":1},"b":{},"_coverageSchema":"1a1c01bbd47fc00a2c39e90264f33305004495a9","hash":"a7d60c74fa8919cf2da549895c63beda7c285a72"}
,"/home/mohammad/basic-api-server/src/models/clothes.model.js": {"path":"/home/mohammad/basic-api-server/src/models/clothes.model.js","statementMap":{"0":{"start":{"line":5,"column":15},"end":{"line":13,"column":2}},"1":{"start":{"line":6,"column":0},"end":{"line":13,"column":2}},"2":{"start":{"line":15,"column":0},"end":{"line":15,"column":26}}},"fnMap":{"0":{"name":"(anonymous_0)","decl":{"start":{"line":5,"column":15},"end":{"line":5,"column":16}},"loc":{"start":{"line":6,"column":0},"end":{"line":13,"column":2}},"line":6}},"branchMap":{},"s":{"0":1,"1":1,"2":1},"f":{"0":1},"b":{},"_coverageSchema":"1a1c01bbd47fc00a2c39e90264f33305004495a9","hash":"44e58704f928db8796f2b87d2f02ebb6f3c87d31"}
,"/home/mohammad/basic-api-server/src/models/index.js": {"path":"/home/mohammad/basic-api-server/src/models/index.js","statementMap":{"0":{"start":{"line":2,"column":0},"end":{"line":2,"column":27}},"1":{"start":{"line":6,"column":21},"end":{"line":6,"column":98}},"2":{"start":{"line":7,"column":33},"end":{"line":7,"column":53}},"3":{"start":{"line":8,"column":16},"end":{"line":8,"column":42}},"4":{"start":{"line":9,"column":13},"end":{"line":9,"column":31}},"5":{"start":{"line":12,"column":4},"end":{"line":20,"column":14}},"6":{"start":{"line":23,"column":16},"end":{"line":23,"column":61}},"7":{"start":{"line":26,"column":0},"end":{"line":32,"column":2}}},"fnMap":{},"branchMap":{"0":{"loc":{"start":{"line":6,"column":21},"end":{"line":6,"column":98}},"type":"cond-expr","locations":[{"start":{"line":6,"column":55},"end":{"line":6,"column":71}},{"start":{"line":6,"column":74},"end":{"line":6,"column":98}}],"line":6},"1":{"loc":{"start":{"line":12,"column":4},"end":{"line":20,"column":14}},"type":"cond-expr","locations":[{"start":{"line":13,"column":10},"end":{"line":20,"column":9}},{"start":{"line":20,"column":12},"end":{"line":20,"column":14}}],"line":12}},"s":{"0":1,"1":1,"2":1,"3":1,"4":1,"5":1,"6":1,"7":1},"f":{},"b":{"0":[1,0],"1":[0,1]},"_coverageSchema":"1a1c01bbd47fc00a2c39e90264f33305004495a9","hash":"fc397cf8bad191884739177bdec33d05e79669a1"}
,"/home/mohammad/basic-api-server/src/routes/clothes.js": {"path":"/home/mohammad/basic-api-server/src/routes/clothes.js","statementMap":{"0":{"start":{"line":2,"column":16},"end":{"line":2,"column":34}},"1":{"start":{"line":6,"column":20},"end":{"line":6,"column":49}},"2":{"start":{"line":8,"column":22},"end":{"line":8,"column":38}},"3":{"start":{"line":10,"column":0},"end":{"line":10,"column":42}},"4":{"start":{"line":11,"column":0},"end":{"line":11,"column":47}},"5":{"start":{"line":12,"column":0},"end":{"line":12,"column":46}},"6":{"start":{"line":13,"column":0},"end":{"line":13,"column":47}},"7":{"start":{"line":14,"column":0},"end":{"line":14,"column":50}},"8":{"start":{"line":23,"column":21},"end":{"line":23,"column":44}},"9":{"start":{"line":24,"column":2},"end":{"line":24,"column":35}},"10":{"start":{"line":28,"column":21},"end":{"line":28,"column":29}},"11":{"start":{"line":29,"column":27},"end":{"line":29,"column":60}},"12":{"start":{"line":30,"column":4},"end":{"line":30,"column":40}},"13":{"start":{"line":33,"column":13},"end":{"line":33,"column":36}},"14":{"start":{"line":34,"column":15},"end":{"line":34,"column":55}},"15":{"start":{"line":35,"column":0},"end":{"line":35,"column":28}},"16":{"start":{"line":41,"column":13},"end":{"line":41,"column":36}},"17":{"start":{"line":42,"column":22},"end":{"line":42,"column":30}},"18":{"start":{"line":43,"column":18},"end":{"line":43,"column":57}},"19":{"start":{"line":44,"column":1},"end":{"line":49,"column":2}},"20":{"start":{"line":45,"column":18},"end":{"line":45,"column":47}},"21":{"start":{"line":46,"column":4},"end":{"line":46,"column":33}},"22":{"start":{"line":48,"column":4},"end":{"line":48,"column":79}},"23":{"start":{"line":53,"column":13},"end":{"line":53,"column":36}},"24":{"start":{"line":54,"column":20},"end":{"line":54,"column":59}},"25":{"start":{"line":55,"column":4},"end":{"line":55,"column":33}},"26":{"start":{"line":57,"column":0},"end":{"line":57,"column":31}}},"fnMap":{"0":{"name":"getClothes","decl":{"start":{"line":20,"column":15},"end":{"line":20,"column":25}},"loc":{"start":{"line":20,"column":36},"end":{"line":25,"column":1}},"line":20},"1":{"name":"createClothoes","decl":{"start":{"line":27,"column":15},"end":{"line":27,"column":29}},"loc":{"start":{"line":27,"column":40},"end":{"line":31,"column":1}},"line":27},"2":{"name":"getOneRecord","decl":{"start":{"line":32,"column":15},"end":{"line":32,"column":27}},"loc":{"start":{"line":32,"column":37},"end":{"line":37,"column":1}},"line":32},"3":{"name":"updateClothes","decl":{"start":{"line":40,"column":15},"end":{"line":40,"column":28}},"loc":{"start":{"line":40,"column":38},"end":{"line":51,"column":1}},"line":40},"4":{"name":"deleteClothes","decl":{"start":{"line":52,"column":15},"end":{"line":52,"column":28}},"loc":{"start":{"line":52,"column":38},"end":{"line":56,"column":1}},"line":52}},"branchMap":{"0":{"loc":{"start":{"line":44,"column":1},"end":{"line":49,"column":2}},"type":"if","locations":[{"start":{"line":44,"column":1},"end":{"line":49,"column":2}},{"start":{"line":47,"column":6},"end":{"line":49,"column":2}}],"line":44}},"s":{"0":1,"1":1,"2":1,"3":1,"4":1,"5":1,"6":1,"7":1,"8":0,"9":0,"10":0,"11":0,"12":0,"13":0,"14":0,"15":0,"16":0,"17":0,"18":0,"19":0,"20":0,"21":0,"22":0,"23":0,"24":0,"25":0,"26":1},"f":{"0":0,"1":0,"2":0,"3":0,"4":0},"b":{"0":[0,0]},"_coverageSchema":"1a1c01bbd47fc00a2c39e90264f33305004495a9","hash":"ac00476dd9bf1bd49fdb47695c28a039a831c0e9"}
,"/home/mohammad/basic-api-server/src/routes/food.js": {"path":"/home/mohammad/basic-api-server/src/routes/food.js","statementMap":{"0":{"start":{"line":2,"column":16},"end":{"line":2,"column":34}},"1":{"start":{"line":3,"column":14},"end":{"line":3,"column":40}},"2":{"start":{"line":5,"column":19},"end":{"line":5,"column":35}},"3":{"start":{"line":7,"column":0},"end":{"line":7,"column":33}},"4":{"start":{"line":8,"column":0},"end":{"line":8,"column":37}},"5":{"start":{"line":9,"column":0},"end":{"line":9,"column":40}},"6":{"start":{"line":10,"column":0},"end":{"line":10,"column":38}},"7":{"start":{"line":11,"column":0},"end":{"line":11,"column":41}},"8":{"start":{"line":20,"column":18},"end":{"line":20,"column":38}},"9":{"start":{"line":21,"column":2},"end":{"line":21,"column":32}},"10":{"start":{"line":25,"column":17},"end":{"line":25,"column":25}},"11":{"start":{"line":26,"column":23},"end":{"line":26,"column":49}},"12":{"start":{"line":27,"column":4},"end":{"line":27,"column":36}},"13":{"start":{"line":30,"column":13},"end":{"line":30,"column":36}},"14":{"start":{"line":31,"column":15},"end":{"line":31,"column":52}},"15":{"start":{"line":32,"column":0},"end":{"line":32,"column":28}},"16":{"start":{"line":38,"column":13},"end":{"line":38,"column":36}},"17":{"start":{"line":39,"column":22},"end":{"line":39,"column":30}},"18":{"start":{"line":40,"column":18},"end":{"line":40,"column":54}},"19":{"start":{"line":41,"column":1},"end":{"line":46,"column":2}},"20":{"start":{"line":42,"column":18},"end":{"line":42,"column":47}},"21":{"start":{"line":43,"column":4},"end":{"line":43,"column":33}},"22":{"start":{"line":45,"column":4},"end":{"line":45,"column":79}},"23":{"start":{"line":50,"column":13},"end":{"line":50,"column":36}},"24":{"start":{"line":51,"column":20},"end":{"line":51,"column":56}},"25":{"start":{"line":52,"column":4},"end":{"line":52,"column":33}},"26":{"start":{"line":54,"column":0},"end":{"line":54,"column":28}}},"fnMap":{"0":{"name":"getFood","decl":{"start":{"line":17,"column":15},"end":{"line":17,"column":22}},"loc":{"start":{"line":17,"column":33},"end":{"line":22,"column":1}},"line":17},"1":{"name":"createFood","decl":{"start":{"line":24,"column":15},"end":{"line":24,"column":25}},"loc":{"start":{"line":24,"column":36},"end":{"line":28,"column":1}},"line":24},"2":{"name":"getOneRecord","decl":{"start":{"line":29,"column":15},"end":{"line":29,"column":27}},"loc":{"start":{"line":29,"column":37},"end":{"line":34,"column":1}},"line":29},"3":{"name":"updateFood","decl":{"start":{"line":37,"column":15},"end":{"line":37,"column":25}},"loc":{"start":{"line":37,"column":35},"end":{"line":48,"column":1}},"line":37},"4":{"name":"deleteFood","decl":{"start":{"line":49,"column":15},"end":{"line":49,"column":25}},"loc":{"start":{"line":49,"column":35},"end":{"line":53,"column":1}},"line":49}},"branchMap":{"0":{"loc":{"start":{"line":41,"column":1},"end":{"line":46,"column":2}},"type":"if","locations":[{"start":{"line":41,"column":1},"end":{"line":46,"column":2}},{"start":{"line":44,"column":6},"end":{"line":46,"column":2}}],"line":41}},"s":{"0":1,"1":1,"2":1,"3":1,"4":1,"5":1,"6":1,"7":1,"8":1,"9":1,"10":1,"11":1,"12":1,"13":1,"14":1,"15":1,"16":1,"17":1,"18":1,"19":1,"20":1,"21":1,"22":0,"23":1,"24":1,"25":1,"26":1},"f":{"0":1,"1":1,"2":1,"3":1,"4":1},"b":{"0":[1,0]},"_coverageSchema":"1a1c01bbd47fc00a2c39e90264f33305004495a9","hash":"d1c883029b95bf6cdfe6631135eeb06115473220"}
}
