TN:
SF:src/server.js
FN:26,start
FN:27,(anonymous_1)
FNF:2
FNH:0
FNDA:0,start
FNDA:0,(anonymous_1)
DA:3,1
DA:4,1
DA:5,1
DA:6,1
DA:7,1
DA:8,1
DA:9,1
DA:10,1
DA:21,1
DA:22,1
DA:23,1
DA:24,1
DA:25,1
DA:27,0
DA:28,0
DA:32,1
LF:16
LH:14
BRDA:4,0,0,1
BRDA:4,0,1,0
BRF:2
BRH:1
end_of_record
TN:
SF:src/ error-handlers/ 404.js
FN:5,(anonymous_0)
FNF:1
FNH:1
FNDA:2,(anonymous_0)
DA:3,1
DA:5,1
DA:7,2
LF:3
LH:3
BRF:0
BRH:0
end_of_record
TN:
SF:src/ error-handlers/ 500.js
FN:5,(anonymous_0)
FNF:1
FNH:0
FNDA:0,(anonymous_0)
DA:5,1
DA:6,0
LF:2
LH:1
BRF:0
BRH:0
end_of_record
TN:
SF:src/models/ food.js
FN:5,(anonymous_0)
FNF:1
FNH:1
FNDA:1,(anonymous_0)
DA:5,1
DA:6,1
DA:15,1
LF:3
LH:3
BRF:0
BRH:0
end_of_record
TN:
SF:src/models/clothes.model.js
FN:5,(anonymous_0)
FNF:1
FNH:1
FNDA:1,(anonymous_0)
DA:5,1
DA:6,1
DA:15,1
LF:3
LH:3
BRF:0
BRH:0
end_of_record
TN:
SF:src/models/index.js
FNF:0
FNH:0
DA:2,1
DA:6,1
DA:7,1
DA:8,1
DA:9,1
DA:12,1
DA:23,1
DA:26,1
LF:8
LH:8
BRDA:6,0,0,1
BRDA:6,0,1,0
BRDA:12,1,0,0
BRDA:12,1,1,1
BRF:4
BRH:2
end_of_record
TN:
SF:src/routes/clothes.js
FN:20,getClothes
FN:27,createClothoes
FN:32,getOneRecord
FN:40,updateClothes
FN:52,deleteClothes
FNF:5
FNH:0
FNDA:0,getClothes
FNDA:0,createClothoes
FNDA:0,getOneRecord
FNDA:0,updateClothes
FNDA:0,deleteClothes
DA:2,1
DA:6,1
DA:8,1
DA:10,1
DA:11,1
DA:12,1
DA:13,1
DA:14,1
DA:23,0
DA:24,0
DA:28,0
DA:29,0
DA:30,0
DA:33,0
DA:34,0
DA:35,0
DA:41,0
DA:42,0
DA:43,0
DA:44,0
DA:45,0
DA:46,0
DA:48,0
DA:53,0
DA:54,0
DA:55,0
DA:57,1
LF:27
LH:9
BRDA:44,0,0,0
BRDA:44,0,1,0
BRF:2
BRH:0
end_of_record
TN:
SF:src/routes/food.js
FN:17,getFood
FN:24,createFood
FN:29,getOneRecord
FN:37,updateFood
FN:49,deleteFood
FNF:5
FNH:5
FNDA:1,getFood
FNDA:1,createFood
FNDA:1,getOneRecord
FNDA:1,updateFood
FNDA:1,deleteFood
DA:2,1
DA:3,1
DA:5,1
DA:7,1
DA:8,1
DA:9,1
DA:10,1
DA:11,1
DA:20,1
DA:21,1
DA:25,1
DA:26,1
DA:27,1
DA:30,1
DA:31,1
DA:32,1
DA:38,1
DA:39,1
DA:40,1
DA:41,1
DA:42,1
DA:43,1
DA:45,0
DA:50,1
DA:51,1
DA:52,1
DA:54,1
LF:27
LH:26
BRDA:41,0,0,1
BRDA:41,0,1,0
BRF:2
BRH:1
end_of_record
